<?xml version="1.0" encoding="UTF-8"?>
<!-- Generated by org.testng.reporters.JUnitReportReporter -->
<testsuite hostname="DESKTOP-G87HA0I" failures="0" tests="3" name="tests.TestCases" time="35.606" errors="0" timestamp="2023-03-31T20:49:05 IST" skipped="0">
  <testcase classname="tests.TestCases" name="loginTest" time="5.498"/>
  <system-out/>
  <testcase classname="tests.TestCases" name="dashboardTest" time="23.183"/>
  <system-out/>
  <testcase classname="tests.TestCases" name="manageCategoryTest" time="6.925"/>
  <system-out/>
</testsuite> <!-- tests.TestCases -->
