<?xml version="1.0" encoding="UTF-8"?>
<!-- Generated by org.testng.reporters.JUnitReportReporter -->
<testsuite hostname="DESKTOP-G87HA0I" failures="0" tests="3" name="tests.NewTestCases" time="44.307" errors="0" timestamp="2023-04-02T21:27:57 IST" skipped="0">
  <testcase classname="tests.NewTestCases" name="signUpTest" time="14.248"/>
  <system-out/>
  <testcase classname="tests.NewTestCases" name="signUpTest" time="14.734"/>
  <system-out/>
  <testcase classname="tests.NewTestCases" name="signUpTest" time="15.325"/>
  <system-out/>
</testsuite> <!-- tests.NewTestCases -->
