<?xml version="1.0" encoding="UTF-8"?>
<!-- Generated by org.testng.reporters.JUnitReportReporter -->
<testsuite hostname="DESKTOP-G87HA0I" failures="0" tests="1" name="tests.NewTestCases" time="15.699" errors="0" timestamp="2023-03-31T21:25:14 IST" skipped="0">
  <testcase classname="tests.NewTestCases" name="signUpTest" time="15.699"/>
  <system-out/>
</testsuite> <!-- tests.NewTestCases -->
