<?xml version="1.0" encoding="UTF-8"?>
<!-- Generated by org.testng.reporters.JUnitReportReporter -->
<testsuite hostname="DESKTOP-G87HA0I" failures="0" tests="3" name="tests.TestCases" time="24.004" errors="0" timestamp="2023-04-02T21:40:56 IST" skipped="0">
  <testcase classname="tests.TestCases" name="loginTest" time="9.158"/>
  <system-out/>
  <testcase classname="tests.TestCases" name="loginTest" time="7.470"/>
  <system-out/>
  <testcase classname="tests.TestCases" name="loginTest" time="7.376"/>
  <system-out/>
</testsuite> <!-- tests.TestCases -->
