<?xml version="1.0" encoding="UTF-8"?>
<!-- Generated by org.testng.reporters.JUnitReportReporter -->
<testsuite hostname="DESKTOP-G87HA0I" failures="0" tests="3" name="tests.NewTestCases" time="49.885" errors="0" timestamp="2023-04-01T23:00:58 IST" skipped="0">
  <testcase classname="tests.NewTestCases" name="signUpTest" time="17.694"/>
  <system-out/>
  <testcase classname="tests.NewTestCases" name="signUpTest" time="17.662"/>
  <system-out/>
  <testcase classname="tests.NewTestCases" name="signUpTest" time="14.529"/>
  <system-out/>
</testsuite> <!-- tests.NewTestCases -->
